12.03.2025	 22.11.49	55046e13-5520-45c3-a7af-4fcd00cbdf5b	POST	/auth/login	undefined
12.03.2025	 22.11.54	20924904-38d2-4785-8b7b-14d9a9e85bb9	GET	/api/course/	undefined
12.03.2025	 22.12.12	0e85c97a-a76f-4900-a02b-170e6cb155f1	GET	/api/lesson/	undefined
12.03.2025	 22.42.26	cb5da742-9e2c-4f93-a5f9-a5aa0e742031	POST	/api/lesson/	undefined
12.03.2025	 22.42.31	f242af25-c143-48c3-aab4-7ba18bf90b46	GET	/api/course/	undefined
12.03.2025	 22.42.45	815e55d0-a98e-447d-95c8-590c64866ca2	POST	/api/lesson/	undefined
12.03.2025	 22.42.55	5ca89d11-7e64-4a42-9eae-a73fb7f87d18	GET	/api/course/	undefined
12.03.2025	 22.44.56	dff61f07-b34d-432f-a480-f9ab33bc0d89	POST	/api/lesson/	undefined
12.03.2025	 22.45.00	28328b15-5857-4056-8c34-5e3950b6745a	GET	/api/course/	undefined
12.03.2025	 22.45.48	dbfa0b86-a899-479e-821b-ed89e5a52cd0	GET	/api/course/	undefined
12.03.2025	 22.45.59	7a5d2f43-34d6-4c9f-aec4-8063f8c0cb5c	DELETE	/api/lesson/	undefined
12.03.2025	 22.46.03	e0c2bf36-2f04-4758-8b24-9d701b3e3baf	GET	/api/course/	undefined
12.03.2025	 22.46.15	f1676935-16ba-405b-9103-6b2f059a4ae8	GET	/api/course/	undefined
12.03.2025	 22.46.27	527adb43-00d9-4713-b973-095460192a2d	GET	/api/lesson/	undefined
12.03.2025	 22.46.50	b4da6841-a6b5-4df7-b596-f684a91d6df0	DELETE	/api/lesson/	undefined
12.03.2025	 22.46.53	0820e1ef-6d35-4c64-b4d0-e3b388bce56c	GET	/api/lesson/	undefined
12.03.2025	 22.48.34	f3d9ff6d-b624-4713-982c-619845981fab	DELETE	/api/lesson/	undefined
12.03.2025	 22.48.38	ccdaf74a-5616-44b9-8f18-0b566927876c	DELETE	/api/lesson/67d1e438f024a6553c6d50c4	undefined
12.03.2025	 22.49.49	c3b856ef-9dd5-4137-8876-08f4fdc75452	DELETE	/api/lesson/67d1e438f024a6553c6d50c4	undefined
12.03.2025	 22.50.39	0836f053-faa2-442b-99a1-6994166bfa8a	GET	/api/course/	undefined
12.03.2025	 22.50.46	d9c4771e-c153-464c-8b4a-4a465ee3765b	POST	/api/lesson/	undefined
12.03.2025	 22.50.49	a89cfd2c-d394-47d6-bdd3-ab0c66c40f3e	POST	/api/lesson/	undefined
12.03.2025	 22.50.51	63a2ca92-e7d7-4ecd-ab7d-6172eb2670b6	POST	/api/lesson/	undefined
12.03.2025	 22.50.56	626605ab-5d6a-4537-85f8-07b5d6e70052	GET	/api/course/	undefined
12.03.2025	 22.51.15	e88fb18e-d563-4520-97ac-6992a85e55d3	DELETE	/api/lesson/67d1e59688d16b5410affc3f	undefined
12.03.2025	 22.51.22	5196fd64-da35-43a3-93c0-11d271599560	GET	/api/course/	undefined
14.03.2025	 13.36.49	f8c9a6fe-8bb8-4895-8add-0992c7941ab0	POST	/auth/login	undefined
14.03.2025	 13.37.14	b70a5efc-ea76-44df-9d85-eab72a158718	POST	/auth/login	undefined
14.03.2025	 13.37.29	6e9d4da3-bd19-41a0-a497-b079cc75a290	POST	/auth/login	undefined
14.03.2025	 13.37.53	f4b88b72-090d-4a15-a29d-0caa17410268	POST	/auth/login	undefined
14.03.2025	 13.38.06	2b79c6cf-f1a6-444e-bbbd-1bab813bb06b	POST	/auth/login	undefined
14.03.2025	 13.38.27	dd5818d0-4ca3-4755-81e2-3d75f9873747	POST	/auth/logout	undefined
14.03.2025	 13.38.37	c891da16-f7da-4c29-964c-d54c6fc59f24	POST	/auth/login	undefined
14.03.2025	 13.39.23	64227ce7-6561-4cfa-a08d-d1f08e0b1c9a	POST	/auth/register	undefined
14.03.2025	 13.40.05	70b139bc-67ba-46f7-97c5-c5fd2d26ac5b	POST	/auth/login	undefined
14.03.2025	 13.40.27	82d5e7d9-4481-4554-9566-1ec9e200b59b	POST	/auth/register	undefined
14.03.2025	 13.41.23	85efc7b0-fcb4-4f00-82f1-59e5ff993f1d	POST	/auth/register	undefined
14.03.2025	 13.41.35	90d768e4-beba-457b-870b-24e4a7567044	POST	/auth/register	undefined
14.03.2025	 14.01.24	d670b3a9-95d4-40c5-8f62-b0d85edbaa9c	POST	/auth/login	undefined
14.03.2025	 14.01.27	1426e9cb-13bf-4fda-8d12-5709f23ac9c4	POST	/auth/logout	undefined
14.03.2025	 14.01.31	71ee60a9-fc37-414b-b7fa-57ad69964ec1	POST	/auth/login	undefined
14.03.2025	 14.16.34	6b484c79-ab43-4282-a955-a81db33e04cb	POST	/auth/login	undefined
14.03.2025	 14.16.39	4c6c9805-cd34-4f5f-a028-b3221bfcfe4d	GET	/api/users	undefined
14.03.2025	 15.07.42	308a0949-ca19-4999-aac0-0a9e662c1a3c	POST	/auth/login	undefined
14.03.2025	 15.08.01	06ba24db-3543-41ff-b8e2-7b0b649ceaeb	POST	/api/category/	undefined
14.03.2025	 15.08.14	c15c480a-7b34-4dba-85f8-cefac0311c37	POST	/api/category/	undefined
14.03.2025	 15.08.28	25c6940a-d221-430d-9fd9-80aabbbc3b26	DELETE	/api/category/67d41c2e6b750b7decfcf10a	undefined
14.03.2025	 15.08.34	d82385cc-ab4b-44cc-b22e-cc83e61e3088	GET	/api/category/	undefined
14.03.2025	 15.25.21	4f658879-56c1-4f04-9a7b-6ac50760a67e	GET	/bilgisayar-programlama	undefined
14.03.2025	 15.25.54	e0700b23-a08f-4c34-88bd-1bc9d459fc0c	GET	/api/category/bilgisayar-programlama	undefined
14.03.2025	 15.25.54	eb614c43-9049-4085-a2de-7b1f42f33aed	GET	/favicon.ico	undefined
14.03.2025	 15.48.33	409d25dd-a596-49b2-956a-9c518b16a50f	GET	/api/course/bilgisayar-programlama	undefined
14.03.2025	 15.49.04	b00e16fa-deaf-45c1-8a0f-40bc540495f3	GET	/api/category/bilgisayar-programlama	undefined
14.03.2025	 15.49.11	ba0516e9-3232-4481-be0a-e1945cc38e28	POST	/auth/login	undefined
14.03.2025	 15.49.17	eb155fd1-b92b-4e19-94a9-a852963d36a8	GET	/api/category/bilgisayar-programlama	undefined
14.03.2025	 15.50.09	b87fc5ba-6bbd-449b-bd6a-5efbd40999ba	GET	/api/category/bilgisayar-programlama	undefined
14.03.2025	 15.54.45	bae7c4eb-36bc-44cd-b735-34a4145c01df	POST	/api/course/67cdfe52dfa498eb4ee75d48	undefined
14.03.2025	 15.54.54	ed3d18aa-1a4d-4f6f-9d17-6842df7d013c	POST	/auth/login	undefined
14.03.2025	 15.55.01	fd65fd15-4e8f-4edc-9f8f-9a0d1dc4b4d2	POST	/api/course/67cdfe52dfa498eb4ee75d48	undefined
14.03.2025	 15.55.20	a99acf46-3a8d-4bc3-8462-13ed640652f1	POST	/auth/login	undefined
14.03.2025	 15.55.26	83efa545-bb56-4daf-8845-93ced83a67be	POST	/api/course/67cdfe52dfa498eb4ee75d48	undefined
14.03.2025	 15.56.09	a7fb3d45-61de-4563-b8f0-51eb113d8e0e	GET	/api/course/	undefined
14.03.2025	 15.57.21	43041361-c51e-4b90-b673-c4aae89c4ae8	POST	/api/course/67cdfe52dfa498eb4ee75d48	undefined
14.03.2025	 16.00.19	fdacb405-e3ba-434a-a431-d9b9b47eefcc	POST	/auth/login	undefined
14.03.2025	 16.01.11	1a92f9de-829d-4595-b274-555a3951829e	GET	/api/category/	undefined
14.03.2025	 16.01.18	14c441b7-42cb-4018-b618-b156f9247ae3	GET	/api/category/bilgisayar-programlama	undefined
14.03.2025	 16.01.33	42eff9f1-a8eb-4950-b07a-8f410625bcb9	DELETE	/api/category/67d41c226b750b7decfcf106	undefined
14.03.2025	 16.01.48	4a8d383d-1117-4007-a7e0-209fc79131a7	POST	/api/course/67cdfe52dfa498eb4ee75d48	undefined
14.03.2025	 16.01.51	ffcf28fa-ab18-4a48-9d35-020a280639d5	GET	/api/course/	undefined
14.03.2025	 16.02.03	12561b1e-6a87-47c6-aaf7-841bd90fef80	POST	/api/course	undefined
14.03.2025	 16.03.10	d90c5a0e-c7b8-4266-aef2-1e22570ceaf7	POST	/api/course	undefined
14.03.2025	 16.03.24	08bf0f43-8081-4658-beb7-3f0e532a1ae7	POST	/api/course/	undefined
14.03.2025	 16.03.38	7a52f361-d185-42df-a2c6-73ed53fd9955	POST	/api/course/	undefined
14.03.2025	 16.04.11	cee617ff-fd59-4d92-986f-20e6e8a4f1e2	GET	/api/course/	undefined
14.03.2025	 16.04.14	1553e232-ef11-4e09-aad3-9a1288ccbdcc	POST	/api/course/	undefined
14.03.2025	 16.05.11	3ede2ee2-b3a1-4c4c-ac75-c26c6e83cb3b	POST	/api/course/	undefined
14.03.2025	 16.05.19	7d1471a8-d5a1-4b89-80b9-f3c9a9f0a997	POST	/api/course/	undefined
14.03.2025	 16.06.28	1ea25c38-9d80-43dc-80c1-39dd33d54c35	POST	/api/course/	undefined
14.03.2025	 16.06.49	19dfac56-ac43-4933-afdd-eae5fa8e54d1	POST	/api/course/	undefined
14.03.2025	 16.06.53	3a804c8a-18e7-4ac1-a5ed-fac6365bc3dc	GET	/api/course/	undefined
14.03.2025	 16.07.13	c17dc5a3-edee-4755-a732-b9052a022024	GET	/api/course/slug/node-js	undefined
14.03.2025	 16.19.49	a5fb8e8c-4ed8-4e53-9083-0edb618fdd97	GET	/api/lesson/	undefined
14.03.2025	 16.19.54	4adac50c-4b63-4669-8365-af103105ccba	POST	/auth/login	undefined
14.03.2025	 16.20.00	e8508afd-3852-432b-8603-ad8857539700	GET	/api/lesson/	undefined
14.03.2025	 16.20.36	43b641cf-6dc0-4db4-9054-60456974e67d	POST	/api/course/	undefined
14.03.2025	 16.20.54	1af1a80d-d154-434e-8772-6f3322ee3c4a	POST	/api/lesson/	undefined
14.03.2025	 16.21.33	b41d3d80-92ac-440a-be2a-f0443bc2ba21	GET	/api/lesson/slug/node-js-ders-1	undefined
14.03.2025	 16.21.38	462b3f8a-8bb5-4ba9-b567-77b5d67824ad	GET	/api/lesson/slug/node-js-ders-1	undefined
14.03.2025	 16.23.01	b72e8e42-0a01-4f28-b51b-47f51912627c	GET	/api/lesson/slug/node-js-ders-1	undefined
14.03.2025	 16.29.24	e9a39409-dc30-4de9-a3d2-02e795a32e4d	POST	/api/review/	undefined
14.03.2025	 16.29.29	ad880f50-1c9d-45f5-acda-bfb1917c3c58	GET	/api/review/	undefined
14.03.2025	 16.29.55	e89f061c-10d0-4add-b5d5-bd6be7c80924	GET	/api/review/67d42f353568d32bdb59c051	undefined
14.03.2025	 16.30.23	c0e122bf-8c13-4460-b81a-0fb3cce0e4cc	GET	/api/review/67d42f353568d32bdb59c051	undefined
14.03.2025	 16.31.07	986cf184-b2b4-49f0-919f-b9de2d9d024a	GET	/api/review/67d42f353568d32bdb59c051	undefined
14.03.2025	 16.31.37	0fe6b601-097c-4afd-9292-791a0aaf49ce	DELETE	/api/review/67d42f353568d32bdb59c051	undefined
14.03.2025	 16.31.44	f8eb6409-9093-4468-8c95-236e43c5d68d	DELETE	/api/review/	undefined
14.03.2025	 16.37.02	b0343852-1e7a-488a-bbc5-654082df5490	GET	/	undefined
14.03.2025	 16.37.48	b70cfaad-e425-4065-b08f-17395f0d0198	GET	/api-docs	undefined
14.03.2025	 16.37.48	d288b34c-e63c-42ef-af8c-5e862fd2a2a0	GET	/api-docs/	undefined
14.03.2025	 16.37.48	a3cfb862-6184-49cb-a01f-2c4a228623ee	GET	/api-docs/swagger-ui.css	undefined
14.03.2025	 16.37.48	09bb4deb-5981-42c3-beb3-b0cdcf28aefd	GET	/api-docs/swagger-ui-bundle.js	undefined
14.03.2025	 16.37.48	7b47a501-884d-4676-b096-56ebbe9ff4b2	GET	/api-docs/swagger-ui-standalone-preset.js	undefined
14.03.2025	 16.37.48	c795171c-0ec7-402c-b6e7-75621d9b5da9	GET	/api-docs/swagger-ui-init.js	undefined
14.03.2025	 16.41.48	dd018d16-a9ab-49db-a94e-c2c49a7324f0	GET	/api-docs/	undefined
14.03.2025	 16.41.49	13910ef1-1709-4994-a9f4-d435d4661e11	GET	/api-docs/swagger-ui.css	undefined
14.03.2025	 16.41.49	64b5c875-3569-4045-bbc1-8e1b5db5a88b	GET	/api-docs/swagger-ui-bundle.js	undefined
14.03.2025	 16.41.49	c00f5a23-a802-48a7-a2d5-ee560f70300e	GET	/api-docs/swagger-ui-standalone-preset.js	undefined
14.03.2025	 16.41.49	4a80a7fd-41ae-4e46-911b-97c7007c7cdb	GET	/api-docs/swagger-ui-init.js	undefined
14.03.2025	 16.41.49	6d8c7b32-a62f-4831-8b3f-20ff88b8a7f2	GET	/api-docs/favicon-32x32.png	undefined
14.03.2025	 16.41.56	1aeaef53-6d14-476c-bda6-aea42c7d078d	GET	/users	undefined
14.03.2025	 16.41.57	d6170e2f-a1e4-4d45-9952-2d12581ec37a	GET	/users	undefined
14.03.2025	 16.42.03	012dde8a-53e3-46a0-8b33-a4b26932b4d3	GET	/users	undefined
14.03.2025	 16.42.23	1f56041c-b8d9-4b4b-a2c2-a212443889cf	GET	/api-docs/	undefined
14.03.2025	 16.42.23	5ba743ec-4a50-4c0a-b1b5-fabffc6c14df	GET	/api-docs/swagger-ui.css	undefined
14.03.2025	 16.42.23	c06a5567-a58e-45bd-9a8a-83fc107c7c59	GET	/api-docs/swagger-ui-bundle.js	undefined
14.03.2025	 16.42.23	c34f9e59-db61-4367-bac6-1dc6877f4fbb	GET	/api-docs/swagger-ui-standalone-preset.js	undefined
14.03.2025	 16.42.23	d6681ead-cc45-49ed-a348-4b4688dd705e	GET	/api-docs/swagger-ui-init.js	undefined
14.03.2025	 16.42.23	343e4daa-23dc-44d4-9db0-7d3710856713	GET	/api-docs/favicon-32x32.png	undefined
14.03.2025	 16.42.28	0f829aa0-8bac-49ae-a0ea-ad5a9ac5bd8f	GET	/api/users	undefined
14.03.2025	 16.42.51	67ecbf08-74ca-43d8-bfeb-55081510cc9d	POST	/auth/login	http://localhost:8000
14.03.2025	 16.42.56	67a7c75e-ea11-45c0-bc5e-87202921e92a	GET	/api/users	undefined
14.03.2025	 16.44.05	6501f351-2a64-4ac0-b1b7-9556db5ef3e5	GET	/api-docs/	undefined
14.03.2025	 16.44.05	9919a721-993e-44a9-9994-9ee1cb8f6233	GET	/api-docs/swagger-ui.css	undefined
14.03.2025	 16.44.05	3b6e70c1-1f97-40b0-a29e-27af081a2bde	GET	/api-docs/swagger-ui-bundle.js	undefined
14.03.2025	 16.44.05	c00e8208-7da7-4896-8d2b-5e1e77d397c1	GET	/api-docs/swagger-ui-standalone-preset.js	undefined
14.03.2025	 16.44.05	9fb9ae8f-6f23-4ca6-815b-36afe4e25d2a	GET	/api-docs/swagger-ui-init.js	undefined
14.03.2025	 16.44.06	43d11432-c195-4e33-87a8-588a642bd13a	GET	/api-docs/favicon-32x32.png	undefined
14.03.2025	 16.46.37	9eac46cd-cda4-4fd2-a007-05b950238956	GET	/api-docs/	undefined
14.03.2025	 16.46.37	4210202e-3e85-4cde-b8dc-e90cfadee9dd	GET	/api-docs/swagger-ui.css	undefined
14.03.2025	 16.46.37	08b0150c-a93a-468d-9796-bc820aa9c73d	GET	/api-docs/swagger-ui-bundle.js	undefined
14.03.2025	 16.46.37	c3f122b2-3d53-40b8-a28e-f3251732f0ea	GET	/api-docs/swagger-ui-standalone-preset.js	undefined
14.03.2025	 16.46.37	e8f3b968-683f-440c-baac-ccccf2c521af	GET	/api-docs/swagger-ui-init.js	undefined
14.03.2025	 16.46.37	abfa166b-9d49-4df8-85d1-5a5619718207	GET	/api-docs/favicon-32x32.png	undefined
14.03.2025	 16.49.14	eb26632a-c301-4881-b324-73e73be4b0f7	GET	/api-docs/	undefined
14.03.2025	 16.49.14	66b01117-8819-479d-821b-3468f6a262fd	GET	/api-docs/swagger-ui.css	undefined
14.03.2025	 16.49.14	5325e52c-c0a6-499d-b9ba-0155b6f87ddf	GET	/api-docs/swagger-ui-bundle.js	undefined
14.03.2025	 16.49.14	a9924222-bdd2-4f85-9e25-8bc5b6d5451b	GET	/api-docs/swagger-ui-standalone-preset.js	undefined
14.03.2025	 16.49.14	2cec0ab2-f049-4a9d-8fe0-ca8072d05cea	GET	/api-docs/swagger-ui-init.js	undefined
14.03.2025	 16.49.15	f8dec35b-4c5b-42ad-bc6f-955251348df3	GET	/api-docs/favicon-32x32.png	undefined
14.03.2025	 16.49.20	06abe308-edda-4ecd-8eb0-30000870e20b	GET	/api/courses	undefined
14.03.2025	 16.49.52	cc2cd249-65b5-4701-a8f8-db1b9ec06a61	GET	/api-docs/	undefined
14.03.2025	 16.49.52	abca514e-073c-440f-b3aa-d59b445b6b3d	GET	/api-docs/swagger-ui.css	undefined
14.03.2025	 16.49.52	d2a47c66-be45-47be-82d2-618402b0fa0e	GET	/api-docs/swagger-ui-bundle.js	undefined
14.03.2025	 16.49.52	4dee0e41-6b23-4299-a7fb-1c10719ec104	GET	/api-docs/swagger-ui-standalone-preset.js	undefined
14.03.2025	 16.49.52	3680a8f9-337a-4063-a990-799a7d5b29f4	GET	/api-docs/swagger-ui-init.js	undefined
14.03.2025	 16.49.52	52035863-b47a-4c2a-900e-4a71ecc81650	GET	/api-docs/favicon-32x32.png	undefined
14.03.2025	 16.49.57	6180c278-1338-45dd-86cf-bcfab84b0aa8	GET	/api/course	undefined
14.03.2025	 16.54.52	b3a578aa-ac74-4b2f-9574-4630a2b3b434	GET	/api-docs/	undefined
14.03.2025	 16.54.52	0525f7ee-e34d-491e-8a8a-47d9a7effe98	GET	/api-docs/swagger-ui.css	undefined
14.03.2025	 16.54.52	42721962-b85d-469b-9fd4-8307a0326784	GET	/api-docs/swagger-ui-bundle.js	undefined
14.03.2025	 16.54.52	1cbe0d57-c3e1-48d2-b19e-fc27fb013cdc	GET	/api-docs/swagger-ui-standalone-preset.js	undefined
14.03.2025	 16.54.52	610d5363-c1ec-4ebc-b863-2c64565fac97	GET	/api-docs/swagger-ui-init.js	undefined
14.03.2025	 16.54.52	2af1a865-d222-42c5-b01c-456ef80f9cca	GET	/api-docs/favicon-32x32.png	undefined
14.03.2025	 16.55.08	38e71d4a-9d1e-4f87-9575-c37b8232481b	GET	/api-docs/	undefined
14.03.2025	 16.55.08	81110369-d75b-4a0f-8dae-f4123a792646	GET	/api-docs/swagger-ui.css	undefined
14.03.2025	 16.55.08	b1128aeb-3a80-4605-baf4-c38388d700f9	GET	/api-docs/swagger-ui-bundle.js	undefined
14.03.2025	 16.55.08	4da39d45-9311-4554-9b89-f9bd32af15d4	GET	/api-docs/swagger-ui-standalone-preset.js	undefined
14.03.2025	 16.55.08	0146656a-46ae-4722-b564-9f9281ca4559	GET	/api-docs/swagger-ui-init.js	undefined
14.03.2025	 16.55.08	70777199-6b41-4633-b7e2-1747274c47af	GET	/api-docs/favicon-32x32.png	undefined
14.03.2025	 16.55.15	e452a9e6-eb02-4da9-8b03-5826661ead4f	GET	/api/lessons	undefined
14.03.2025	 16.55.16	9d654c1a-057f-4628-89f5-e34183205be6	GET	/api/lessons	undefined
14.03.2025	 16.55.26	b8790cff-d050-4fb0-a954-b6cd89727cee	GET	/api-docs/	undefined
14.03.2025	 16.55.26	561311ce-bdf0-470c-8850-ab6a1a960256	GET	/api-docs/swagger-ui.css	undefined
14.03.2025	 16.55.26	99620775-ec22-4563-b513-22b777a84699	GET	/api-docs/swagger-ui-bundle.js	undefined
14.03.2025	 16.55.26	55400227-3cb8-4240-8cd0-158257f3d263	GET	/api-docs/swagger-ui-init.js	undefined
14.03.2025	 16.55.26	23a72590-08d6-4870-b5bd-25c08559db57	GET	/api-docs/swagger-ui-standalone-preset.js	undefined
14.03.2025	 16.55.27	82f905c4-46b8-404c-a79a-fc6a13346591	GET	/api-docs/favicon-32x32.png	undefined
14.03.2025	 16.55.31	8fe77795-6b48-41be-a4b4-ffda11dee8ba	GET	/api/lesson	undefined
14.03.2025	 16.58.31	646a421e-d918-41b0-9a9f-b4c423d9ad00	GET	/api-docs/	undefined
14.03.2025	 16.58.31	5c91cc3f-94c1-4e9a-8ca5-eb11fab0349a	GET	/api-docs/swagger-ui.css	undefined
14.03.2025	 16.58.31	a3b7f811-b78e-499f-879e-ac896c857aec	GET	/api-docs/swagger-ui-bundle.js	undefined
14.03.2025	 16.58.31	593d8239-4db3-4ab7-a7f4-d4bbf403c8e1	GET	/api-docs/swagger-ui-standalone-preset.js	undefined
14.03.2025	 16.58.31	862c1c14-d32e-42c2-82ca-647137738c53	GET	/api-docs/swagger-ui-init.js	undefined
14.03.2025	 16.58.32	6c581857-4a8f-4d00-905c-12511427ea51	GET	/api-docs/favicon-32x32.png	undefined
14.03.2025	 16.59.17	ecacd26c-1042-43cc-ba47-51d77bbddb50	GET	/api-docs/	undefined
14.03.2025	 16.59.17	7ab65316-8a87-4fec-abd7-a48193e9cef2	GET	/api-docs/swagger-ui.css	undefined
14.03.2025	 16.59.17	4e8cfda1-98f9-4801-8491-49a3fdd35256	GET	/api-docs/swagger-ui-bundle.js	undefined
14.03.2025	 16.59.17	91011ac2-e04e-4119-9b07-cdc0a52398a8	GET	/api-docs/swagger-ui-standalone-preset.js	undefined
14.03.2025	 16.59.17	b03f7fbf-0b7a-4cc4-b689-80d6873d0854	GET	/api-docs/swagger-ui-init.js	undefined
14.03.2025	 16.59.17	79ed8eae-ad0e-4b01-8d1b-b105c4cd6462	GET	/api-docs/favicon-32x32.png	undefined
14.03.2025	 16.59.23	3cbb79f5-a3d1-4fd8-93f5-b4339d36a757	GET	/api/lesson	undefined
14.03.2025	 17.00.53	8e79ef5c-77de-4301-9931-373e5700a119	GET	/api/course	undefined
